<?xml version="1.0" encoding="UTF-8"?>
<!-- Generated by org.testng.reporters.JUnitXMLReporter -->
<testsuite ignored="0" hostname="MRXiaomi" failures="1" tests="3" name="Error validation test" time="36.665" errors="0" timestamp="2025-04-20T15:32:14 IST">
  <testcase classname="rahulshettyacademy.tests.Errorvalidationtest" name="Producterrorvalidtn" time="15.74"/>
  <testcase classname="rahulshettyacademy.tests.Errorvalidationtest" name="loginerrorvalidtn" time="1.338">
    <skipped/>
  </testcase> <!-- loginerrorvalidtn -->
  <testcase classname="rahulshettyacademy.tests.Errorvalidationtest" name="loginerrorvalidtn" time="3.652">
    <failure type="java.lang.AssertionError" message="expected:&amp;lt;Incorrect email or password.&amp;gt; but was:&amp;lt;Incorrect email  password.&amp;gt;">
      <![CDATA[java.lang.AssertionError: expected:<Incorrect email or password.> but was:<Incorrect email  password.>
at rahulshettyacademy.tests.Errorvalidationtest.loginerrorvalidtn(Errorvalidationtest.java:37)
at java.base/java.util.ArrayList.forEach(ArrayList.java:1511)
at java.base/java.util.concurrent.FutureTask.run(FutureTask.java:264)
at java.base/java.util.concurrent.ThreadPoolExecutor.runWorker(ThreadPoolExecutor.java:1136)
at java.base/java.util.concurrent.ThreadPoolExecutor$Worker.run(ThreadPoolExecutor.java:635)
at java.base/java.lang.Thread.run(Thread.java:842)
... Removed 20 stack frames]]>
    </failure>
  </testcase> <!-- loginerrorvalidtn -->
</testsuite> <!-- Error validation test -->
