<?xml version="1.0" encoding="UTF-8"?>
<!-- Generated by org.testng.reporters.JUnitXMLReporter -->
<testsuite ignored="0" hostname="MRXiaomi" failures="0" tests="3" name="submit order test" time="39.134" errors="0" timestamp="2025-04-20T15:32:16 IST">
  <testcase classname="rahulshettyacademy.tests.submitordertest" name="submitorder" time="6.205"/>
  <testcase classname="rahulshettyacademy.tests.submitordertest" name="submitorder" time="16.734"/>
  <testcase classname="rahulshettyacademy.tests.submitordertest" name="OrderhistoryTest" time="2.789"/>
</testsuite> <!-- submit order test -->
