<?xml version="1.0" encoding="UTF-8"?>
<!-- Generated by org.testng.reporters.JUnitXMLReporter -->
<testsuite ignored="0" hostname="MRXiaomi" failures="0" tests="2" name="Error validation test" time="25.578" errors="0" timestamp="2025-04-20T15:56:56 IST">
  <testcase classname="rahulshettyacademy.tests.Errorvalidationtest" name="Producterrorvalidtn" time="17.455"/>
  <testcase classname="rahulshettyacademy.tests.Errorvalidationtest" name="loginerrorvalidtn" time="0.968"/>
</testsuite> <!-- Error validation test -->
