<?xml version="1.0" encoding="UTF-8"?>
<!-- Generated by org.testng.reporters.JUnitXMLReporter -->
<testsuite ignored="0" hostname="MRXiaomi" failures="0" tests="3" name="submit order test" time="35.539" errors="0" timestamp="2025-04-20T15:57:05 IST">
  <testcase classname="rahulshettyacademy.tests.submitordertest" name="submitorder" time="17.22"/>
  <testcase classname="rahulshettyacademy.tests.submitordertest" name="submitorder" time="5.655"/>
  <testcase classname="rahulshettyacademy.tests.submitordertest" name="OrderhistoryTest" time="1.101"/>
</testsuite> <!-- submit order test -->
